2025-09-29 23:23:30 [INFO]: ==================Started this Section.==================
2025-09-29 23:23:30 [INFO]: Running for 11; 1.
2025-09-29 23:23:31 [INFO]: Attempt: 1
2025-09-29 23:24:38 [INFO]: No alert — CAPTCHA accepted!
2025-09-29 23:24:49 [INFO]: Data saved.
2025-09-29 23:24:49 [INFO]: ==================Started this Section.==================
2025-09-29 23:24:49 [INFO]: Running for 11; 2.
2025-09-29 23:24:49 [INFO]: Attempt: 1
2025-09-29 23:25:12 [INFO]: No alert — CAPTCHA accepted!
2025-09-29 23:25:12 [INFO]: Data saved.
2025-09-29 23:25:12 [INFO]: ==================Started this Section.==================
2025-09-29 23:25:12 [INFO]: Running for 11; 3.
2025-09-29 23:25:13 [INFO]: Attempt: 1
2025-09-29 23:25:35 [INFO]: No alert — CAPTCHA accepted!
2025-09-29 23:25:35 [INFO]: No valid data to save or scraping failed.
2025-09-29 23:25:35 [INFO]: ==================Started this Section.==================
2025-09-29 23:25:35 [INFO]: Running for 11; 4.
2025-09-29 23:25:36 [INFO]: Attempt: 1
2025-09-29 23:25:58 [INFO]: No alert — CAPTCHA accepted!
2025-09-29 23:25:58 [INFO]: No valid data to save or scraping failed.
2025-09-29 23:25:58 [INFO]: ==================Started this Section.==================
2025-09-29 23:25:58 [INFO]: Running for 11; 5.
2025-09-29 23:25:59 [INFO]: Attempt: 1
2025-09-29 23:26:21 [INFO]: No alert — CAPTCHA accepted!
2025-09-29 23:26:21 [INFO]: No valid data to save or scraping failed.
2025-09-29 23:26:21 [INFO]: ==================Started this Section.==================
2025-09-29 23:26:21 [INFO]: Running for 11; 6.
2025-09-29 23:26:22 [INFO]: Attempt: 1
2025-09-29 23:26:44 [INFO]: No alert — CAPTCHA accepted!
2025-09-29 23:26:45 [INFO]: No valid data to save or scraping failed.
2025-09-29 23:26:45 [INFO]: ==================Started this Section.==================
2025-09-29 23:26:45 [INFO]: Running for 11; 7.
2025-09-29 23:26:45 [INFO]: Attempt: 1
2025-09-29 23:27:07 [INFO]: No alert — CAPTCHA accepted!
2025-09-29 23:27:08 [INFO]: No valid data to save or scraping failed.
2025-09-29 23:27:08 [INFO]: ==================Started this Section.==================
2025-09-29 23:27:08 [INFO]: Running for 11; 8.
2025-09-29 23:27:08 [INFO]: Attempt: 1
2025-09-29 23:27:31 [INFO]: No alert — CAPTCHA accepted!
2025-09-29 23:27:32 [INFO]: No valid data to save or scraping failed.
2025-09-29 23:27:32 [INFO]: ==================Started this Section.==================
2025-09-29 23:27:32 [INFO]: Running for 11; 9.
2025-09-29 23:27:32 [INFO]: Attempt: 1
2025-09-29 23:27:44 [WARNING]: Alert says: Please enter valid captcha
2025-09-29 23:27:44 [INFO]: Refreshing website to get new captcha...
2025-09-29 23:27:44 [INFO]: Attempt: 2
2025-09-29 23:27:56 [WARNING]: Alert says: Please enter valid captcha
2025-09-29 23:27:56 [INFO]: Refreshing website to get new captcha...
2025-09-29 23:27:56 [INFO]: Attempt: 3
2025-09-29 23:28:18 [INFO]: No alert — CAPTCHA accepted!
2025-09-29 23:28:19 [INFO]: No valid data to save or scraping failed.
2025-09-29 23:28:19 [INFO]: ==================Started this Section.==================
2025-09-29 23:28:19 [INFO]: Running for 11; 10.
2025-09-29 23:28:19 [INFO]: Attempt: 1
2025-09-29 23:28:41 [INFO]: No alert — CAPTCHA accepted!
2025-09-29 23:28:42 [INFO]: No valid data to save or scraping failed.
2025-09-29 23:28:42 [INFO]: ==================Started this Section.==================
2025-09-29 23:28:42 [INFO]: Running for 11; 11.
2025-09-29 23:28:42 [INFO]: Attempt: 1
2025-09-29 23:29:05 [INFO]: No alert — CAPTCHA accepted!
2025-09-29 23:29:05 [INFO]: No valid data to save or scraping failed.
2025-09-29 23:29:05 [INFO]: ==================Started this Section.==================
2025-09-29 23:29:05 [INFO]: Running for 11; 12.
2025-09-29 23:29:06 [INFO]: Attempt: 1
2025-09-29 23:29:18 [WARNING]: Alert says: Please enter valid captcha
2025-09-29 23:29:18 [INFO]: Refreshing website to get new captcha...
2025-09-29 23:29:18 [INFO]: Attempt: 2
2025-09-29 23:29:30 [WARNING]: Alert says: Please enter valid captcha
2025-09-29 23:29:30 [INFO]: Refreshing website to get new captcha...
2025-09-29 23:29:31 [INFO]: Attempt: 3
2025-09-29 23:29:55 [INFO]: No alert — CAPTCHA accepted!
2025-09-29 23:29:55 [INFO]: No valid data to save or scraping failed.
2025-09-29 23:29:55 [INFO]: ==================Started this Section.==================
2025-09-29 23:29:55 [INFO]: Running for 11; 13.
2025-09-29 23:29:56 [INFO]: Attempt: 1
2025-09-29 23:30:08 [WARNING]: Alert says: Please enter valid captcha
2025-09-29 23:30:09 [INFO]: Refreshing website to get new captcha...
2025-09-29 23:30:09 [INFO]: Attempt: 2
2025-09-29 23:30:22 [WARNING]: Alert says: Please enter valid captcha
2025-09-29 23:30:22 [INFO]: Refreshing website to get new captcha...
2025-09-29 23:30:22 [INFO]: Attempt: 3
2025-09-29 23:30:45 [INFO]: No alert — CAPTCHA accepted!
2025-09-29 23:30:46 [INFO]: No valid data to save or scraping failed.
2025-09-29 23:30:46 [INFO]: ==================Started this Section.==================
2025-09-29 23:30:46 [INFO]: Running for 11; 14.
2025-09-29 23:30:46 [INFO]: Attempt: 1
2025-09-29 23:31:09 [INFO]: No alert — CAPTCHA accepted!
2025-09-29 23:31:09 [INFO]: No valid data to save or scraping failed.
2025-09-29 23:31:09 [INFO]: ==================Started this Section.==================
2025-09-29 23:31:09 [INFO]: Running for 11; 15.
2025-09-29 23:31:10 [INFO]: Attempt: 1
2025-09-29 23:31:32 [INFO]: No alert — CAPTCHA accepted!
2025-09-29 23:31:32 [INFO]: No valid data to save or scraping failed.
2025-09-29 23:31:32 [INFO]: ==================Started this Section.==================
2025-09-29 23:31:32 [INFO]: Running for 11; 16.
2025-09-29 23:31:33 [INFO]: Attempt: 1
2025-09-29 23:31:55 [INFO]: No alert — CAPTCHA accepted!
2025-09-29 23:31:56 [INFO]: Data saved.
2025-09-29 23:31:56 [INFO]: ==================Started this Section.==================
2025-09-29 23:31:56 [INFO]: Running for 11; 17.
2025-09-29 23:31:56 [INFO]: Attempt: 1
2025-09-29 23:32:19 [INFO]: No alert — CAPTCHA accepted!
2025-09-29 23:32:19 [INFO]: No valid data to save or scraping failed.
2025-09-29 23:32:19 [INFO]: ==================Started this Section.==================
2025-09-29 23:32:19 [INFO]: Running for 11; 18.
2025-09-29 23:32:19 [INFO]: Attempt: 1
2025-09-29 23:32:32 [WARNING]: Alert says: Please enter valid captcha
2025-09-29 23:32:32 [INFO]: Refreshing website to get new captcha...
2025-09-29 23:32:32 [INFO]: Attempt: 2
2025-09-29 23:32:45 [WARNING]: Alert says: Please enter valid captcha
2025-09-29 23:32:45 [INFO]: Refreshing website to get new captcha...
2025-09-29 23:32:45 [INFO]: Attempt: 3
2025-09-29 23:32:58 [WARNING]: Alert says: Please enter valid captcha
2025-09-29 23:32:58 [INFO]: Refreshing website to get new captcha...
2025-09-29 23:32:58 [INFO]: Attempt: 4
2025-09-29 23:33:20 [INFO]: No alert — CAPTCHA accepted!
2025-09-29 23:33:21 [INFO]: No valid data to save or scraping failed.
2025-09-29 23:33:33 [INFO]: Driver has been quit.
2025-09-29 23:37:05 [INFO]: ==================Started this Section.==================
2025-09-29 23:37:05 [INFO]: Running for 20; 1.
2025-09-29 23:37:06 [INFO]: Attempt: 1
2025-09-29 23:37:24 [INFO]: No alert — CAPTCHA accepted!
2025-09-29 23:37:25 [INFO]: No valid data to save or scraping failed.
2025-09-29 23:37:25 [INFO]: ==================Started this Section.==================
2025-09-29 23:37:25 [INFO]: Running for 20; 2.
2025-09-29 23:37:25 [INFO]: Attempt: 1
2025-09-29 23:37:43 [INFO]: No alert — CAPTCHA accepted!
2025-09-29 23:37:44 [INFO]: No valid data to save or scraping failed.
2025-09-29 23:37:44 [INFO]: ==================Started this Section.==================
2025-09-29 23:37:44 [INFO]: Running for 20; 3.
2025-09-29 23:37:44 [INFO]: Attempt: 1
2025-09-29 23:38:03 [INFO]: No alert — CAPTCHA accepted!
2025-09-29 23:38:03 [INFO]: No valid data to save or scraping failed.
2025-09-29 23:38:03 [INFO]: ==================Started this Section.==================
2025-09-29 23:38:03 [INFO]: Running for 20; 4.
2025-09-29 23:38:04 [INFO]: Attempt: 1
2025-09-29 23:38:21 [INFO]: No alert — CAPTCHA accepted!
2025-09-29 23:38:22 [INFO]: No valid data to save or scraping failed.
2025-09-29 23:42:07 [INFO]: ==================Started this Section.==================
2025-09-29 23:42:07 [INFO]: Running for 20; 1.
2025-09-29 23:42:07 [INFO]: Attempt: 1
2025-09-29 23:42:26 [INFO]: No alert — CAPTCHA accepted!
2025-09-29 23:42:26 [INFO]: No valid data to save or scraping failed.
2025-09-29 23:42:26 [INFO]: ==================Started this Section.==================
2025-09-29 23:42:26 [INFO]: Running for 20; 2.
2025-09-29 23:42:27 [INFO]: Attempt: 1
2025-09-29 23:42:45 [INFO]: No alert — CAPTCHA accepted!
2025-09-29 23:42:46 [INFO]: No valid data to save or scraping failed.
2025-09-29 23:42:46 [INFO]: ==================Started this Section.==================
2025-09-29 23:42:46 [INFO]: Running for 20; 3.
2025-09-29 23:42:46 [INFO]: Attempt: 1
2025-09-29 23:43:05 [INFO]: No alert — CAPTCHA accepted!
2025-09-29 23:43:05 [INFO]: No valid data to save or scraping failed.
2025-09-29 23:43:05 [INFO]: ==================Started this Section.==================
2025-09-29 23:43:05 [INFO]: Running for 20; 4.
2025-09-29 23:43:06 [INFO]: Attempt: 1
2025-09-29 23:43:15 [WARNING]: Alert says: Please enter valid captcha
2025-09-29 23:43:15 [INFO]: Refreshing website to get new captcha...
2025-09-29 23:43:15 [INFO]: Attempt: 2
2025-09-29 23:43:23 [WARNING]: Alert says: Please enter valid captcha
2025-09-29 23:43:23 [INFO]: Refreshing website to get new captcha...
2025-09-29 23:43:23 [INFO]: Attempt: 3
2025-09-29 23:43:41 [INFO]: No alert — CAPTCHA accepted!
2025-09-29 23:43:41 [INFO]: No valid data to save or scraping failed.
2025-09-29 23:43:54 [INFO]: Driver has been quit.
2025-09-29 23:44:39 [INFO]: ==================Started this Section.==================
2025-09-29 23:44:39 [INFO]: Running for 20; 1.
2025-09-29 23:44:39 [INFO]: Attempt: 1
2025-09-29 23:44:47 [WARNING]: Alert says: Please enter valid captcha
2025-09-29 23:44:47 [INFO]: Refreshing website to get new captcha...
2025-09-29 23:44:47 [INFO]: Attempt: 2
2025-09-29 23:44:55 [WARNING]: Alert says: Please enter valid captcha
2025-09-29 23:44:55 [INFO]: Refreshing website to get new captcha...
2025-09-29 23:44:56 [INFO]: Attempt: 3
2025-09-29 23:45:14 [INFO]: No alert — CAPTCHA accepted!
2025-09-29 23:45:14 [INFO]: No valid data to save or scraping failed.
2025-09-29 23:45:14 [INFO]: ==================Started this Section.==================
2025-09-29 23:45:14 [INFO]: Running for 20; 2.
2025-09-29 23:45:15 [INFO]: Attempt: 1
2025-09-29 23:45:34 [INFO]: No alert — CAPTCHA accepted!
2025-09-29 23:45:34 [INFO]: No valid data to save or scraping failed.
2025-09-29 23:45:34 [INFO]: ==================Started this Section.==================
2025-09-29 23:45:34 [INFO]: Running for 20; 3.
2025-09-29 23:45:35 [INFO]: Attempt: 1
2025-09-29 23:45:53 [INFO]: No alert — CAPTCHA accepted!
2025-09-29 23:45:54 [INFO]: No valid data to save or scraping failed.
2025-09-29 23:45:54 [INFO]: ==================Started this Section.==================
2025-09-29 23:45:54 [INFO]: Running for 20; 4.
2025-09-29 23:45:54 [INFO]: Attempt: 1
2025-09-29 23:46:02 [WARNING]: Alert says: Please enter valid captcha
2025-09-29 23:46:02 [INFO]: Refreshing website to get new captcha...
2025-09-29 23:46:03 [INFO]: Attempt: 2
2025-09-29 23:46:20 [INFO]: No alert — CAPTCHA accepted!
2025-09-29 23:46:21 [INFO]: No valid data to save or scraping failed.
2025-09-29 23:46:33 [INFO]: Driver has been quit.
2025-09-29 23:50:32 [INFO]: ==================Started this Section.==================
2025-09-29 23:50:32 [INFO]: Running for 20; 1.
2025-09-29 23:50:32 [INFO]: Attempt: 1
2025-09-29 23:50:51 [INFO]: No alert — CAPTCHA accepted!
2025-09-29 23:50:52 [INFO]: No valid data to save or scraping failed.
2025-09-29 23:50:52 [INFO]: ==================Started this Section.==================
2025-09-29 23:50:52 [INFO]: Running for 20; 2.
2025-09-29 23:50:53 [INFO]: Attempt: 1
2025-09-29 23:51:11 [INFO]: No alert — CAPTCHA accepted!
2025-09-29 23:51:11 [INFO]: No valid data to save or scraping failed.
2025-09-29 23:56:09 [INFO]: ==================Started this Section.==================
2025-09-29 23:56:09 [INFO]: Running for 20; 1.
2025-09-29 23:56:09 [INFO]: Attempt: 1
2025-09-29 23:56:23 [INFO]: No alert — CAPTCHA accepted!
2025-09-29 23:56:23 [INFO]: No valid data to save or scraping failed.
2025-09-29 23:56:23 [INFO]: ==================Started this Section.==================
2025-09-29 23:56:23 [INFO]: Running for 20; 2.
2025-09-29 23:56:24 [INFO]: Attempt: 1
2025-09-29 23:56:33 [WARNING]: Alert says: Please enter valid captcha
2025-09-29 23:56:33 [INFO]: Refreshing website to get new captcha...
2025-09-29 23:56:34 [INFO]: Attempt: 2
2025-09-29 23:56:50 [INFO]: No alert — CAPTCHA accepted!
2025-09-29 23:56:50 [INFO]: No valid data to save or scraping failed.
2025-09-29 23:57:03 [INFO]: Driver has been quit.
2025-09-30 00:03:34 [INFO]: ==================Started this Section.==================
2025-09-30 00:03:34 [INFO]: Running for 20; 1.
2025-09-30 00:03:34 [INFO]: Attempt: 1
2025-09-30 00:03:36 [ERROR]: Failed during attempt 1: module 'ffmpeg' has no attribute 'input'
2025-09-30 00:03:37 [INFO]: Attempt: 2
2025-09-30 00:05:30 [INFO]: ==================Started this Section.==================
2025-09-30 00:05:30 [INFO]: Running for 20; 1.
2025-09-30 00:05:30 [INFO]: Attempt: 1
2025-09-30 00:08:07 [INFO]: No alert — CAPTCHA accepted!
2025-09-30 00:08:08 [INFO]: No valid data to save or scraping failed.
2025-09-30 00:08:08 [INFO]: ==================Started this Section.==================
2025-09-30 00:08:08 [INFO]: Running for 20; 2.
2025-09-30 00:08:08 [INFO]: Attempt: 1
2025-09-30 00:08:19 [WARNING]: Alert says: Please enter valid captcha
2025-09-30 00:08:19 [INFO]: Refreshing website to get new captcha...
2025-09-30 00:08:20 [INFO]: Attempt: 2
2025-09-30 00:08:36 [INFO]: No alert — CAPTCHA accepted!
2025-09-30 00:08:36 [INFO]: No valid data to save or scraping failed.
2025-09-30 00:13:06 [INFO]: ========== New Run ==========
2025-09-30 00:13:06 [INFO]: Running for 20; 1.
2025-09-30 00:13:06 [INFO]: Attempt: 1
2025-09-30 00:13:23 [INFO]: No alert — CAPTCHA accepted!
2025-09-30 00:13:24 [INFO]: No valid data to save or scraping failed.
2025-09-30 00:13:24 [INFO]: ========== New Run ==========
2025-09-30 00:13:24 [INFO]: Running for 20; 2.
2025-09-30 00:13:24 [INFO]: Attempt: 1
2025-09-30 00:13:40 [INFO]: No alert — CAPTCHA accepted!
2025-09-30 00:13:41 [INFO]: No valid data to save or scraping failed.
2025-09-30 00:13:41 [INFO]: ========== New Run ==========
2025-09-30 00:13:41 [INFO]: Running for 20; 3.
2025-09-30 00:13:41 [INFO]: Attempt: 1
2025-09-30 00:13:53 [WARNING]: Alert says: Please enter valid captcha
2025-09-30 00:13:53 [INFO]: Refreshing website to get new captcha...
2025-09-30 00:13:54 [INFO]: Attempt: 2
2025-09-30 00:14:05 [WARNING]: Alert says: Please enter valid captcha
2025-09-30 00:14:05 [INFO]: Refreshing website to get new captcha...
2025-09-30 00:14:05 [INFO]: Attempt: 3
2025-09-30 00:14:22 [INFO]: No alert — CAPTCHA accepted!
2025-09-30 00:14:22 [INFO]: No valid data to save or scraping failed.
2025-09-30 00:14:22 [INFO]: ========== New Run ==========
2025-09-30 00:14:22 [INFO]: Running for 20; 4.
2025-09-30 00:14:23 [INFO]: Attempt: 1
2025-09-30 00:14:39 [INFO]: No alert — CAPTCHA accepted!
2025-09-30 00:14:39 [INFO]: No valid data to save or scraping failed.
2025-09-30 00:14:39 [INFO]: ========== New Run ==========
2025-09-30 00:14:39 [INFO]: Running for 20; 5.
2025-09-30 00:14:40 [INFO]: Attempt: 1
2025-09-30 00:14:56 [INFO]: No alert — CAPTCHA accepted!
2025-09-30 00:14:57 [INFO]: No valid data to save or scraping failed.
2025-09-30 00:14:57 [INFO]: ========== New Run ==========
2025-09-30 00:14:57 [INFO]: Running for 20; 6.
2025-09-30 00:14:58 [INFO]: Attempt: 1
2025-09-30 00:15:09 [WARNING]: Alert says: Please enter valid captcha
2025-09-30 00:15:09 [INFO]: Refreshing website to get new captcha...
2025-09-30 00:15:09 [INFO]: Attempt: 2
2025-09-30 00:15:25 [INFO]: No alert — CAPTCHA accepted!
2025-09-30 00:15:25 [INFO]: No valid data to save or scraping failed.
2025-09-30 00:15:25 [INFO]: ========== New Run ==========
2025-09-30 00:15:25 [INFO]: Running for 20; 7.
2025-09-30 00:15:26 [INFO]: Attempt: 1
